c:\users\suman\source\repos\vending machine\vending machine\debug\vc142.pdb
c:\users\suman\source\repos\vending machine\vending machine\debug\vc142.idb
c:\users\suman\source\repos\vending machine\vending machine\debug\soda.obj
c:\users\suman\source\repos\vending machine\vending machine\debug\beverage_template.obj
c:\users\suman\source\repos\vending machine\vending machine\debug\vending machine.obj
c:\users\suman\source\repos\vending machine\vending machine\debug\resourcemanager.obj
c:\users\suman\source\repos\vending machine\vending machine\debug\tea.obj
c:\users\suman\source\repos\vending machine\vending machine\debug\milk.obj
c:\users\suman\source\repos\vending machine\vending machine\debug\fruit.obj
c:\users\suman\source\repos\vending machine\vending machine\debug\coffee.obj
c:\users\suman\source\repos\vending machine\vending machine\debug\beverage.obj
c:\users\suman\source\repos\vending machine\debug\vending machine.exe
c:\users\suman\source\repos\vending machine\debug\vending machine.ilk
c:\users\suman\source\repos\vending machine\debug\vending machine.pdb
c:\users\suman\source\repos\vending machine\vending machine\debug\vending machine.res
c:\users\suman\source\repos\vending machine\vending machine\debug\resourcemanager.new.obj.enc
c:\users\suman\source\repos\vending machine\vending machine\debug\vending machine.tlog\cl.command.1.tlog
c:\users\suman\source\repos\vending machine\vending machine\debug\vending machine.tlog\cl.read.1.tlog
c:\users\suman\source\repos\vending machine\vending machine\debug\vending machine.tlog\cl.write.1.tlog
c:\users\suman\source\repos\vending machine\vending machine\debug\vending machine.tlog\link.command.1.tlog
c:\users\suman\source\repos\vending machine\vending machine\debug\vending machine.tlog\link.read.1.tlog
c:\users\suman\source\repos\vending machine\vending machine\debug\vending machine.tlog\link.write.1.tlog
c:\users\suman\source\repos\vending machine\vending machine\debug\vending machine.tlog\rc.command.1.tlog
c:\users\suman\source\repos\vending machine\vending machine\debug\vending machine.tlog\rc.read.1.tlog
c:\users\suman\source\repos\vending machine\vending machine\debug\vending machine.tlog\rc.write.1.tlog
