  ResourceManager.cpp
C:\Users\suman\source\repos\Vending Machine\Vending Machine\ResourceManager.cpp(76,82): warning C4244: 'argument': conversion from 'int' to 'float', possible loss of data
C:\Users\suman\source\repos\Vending Machine\Vending Machine\ResourceManager.cpp(76,54): warning C4244: 'argument': conversion from 'int' to 'float', possible loss of data
C:\Users\suman\source\repos\Vending Machine\Vending Machine\ResourceManager.cpp(80,86): warning C4244: 'argument': conversion from 'int' to 'float', possible loss of data
C:\Users\suman\source\repos\Vending Machine\Vending Machine\ResourceManager.cpp(80,60): warning C4244: 'argument': conversion from 'int' to 'float', possible loss of data
C:\Users\suman\source\repos\Vending Machine\Vending Machine\ResourceManager.cpp(84,77): warning C4244: 'argument': conversion from 'int' to 'float', possible loss of data
C:\Users\suman\source\repos\Vending Machine\Vending Machine\ResourceManager.cpp(84,51): warning C4244: 'argument': conversion from 'int' to 'float', possible loss of data
C:\Users\suman\source\repos\Vending Machine\Vending Machine\ResourceManager.cpp(88,84): warning C4244: 'argument': conversion from 'int' to 'float', possible loss of data
C:\Users\suman\source\repos\Vending Machine\Vending Machine\ResourceManager.cpp(88,57): warning C4244: 'argument': conversion from 'int' to 'float', possible loss of data
C:\Users\suman\source\repos\Vending Machine\Vending Machine\ResourceManager.cpp(92,80): warning C4244: 'argument': conversion from 'int' to 'float', possible loss of data
C:\Users\suman\source\repos\Vending Machine\Vending Machine\ResourceManager.cpp(92,54): warning C4244: 'argument': conversion from 'int' to 'float', possible loss of data
C:\Users\suman\source\repos\Vending Machine\Vending Machine\ResourceManager.cpp(352,68): warning C4244: 'argument': conversion from 'int' to 'float', possible loss of data
C:\Users\suman\source\repos\Vending Machine\Vending Machine\ResourceManager.cpp(352,58): warning C4244: 'argument': conversion from 'int' to 'float', possible loss of data
C:\Users\suman\source\repos\Vending Machine\Vending Machine\ResourceManager.cpp(356,71): warning C4244: 'argument': conversion from 'int' to 'float', possible loss of data
C:\Users\suman\source\repos\Vending Machine\Vending Machine\ResourceManager.cpp(356,61): warning C4244: 'argument': conversion from 'int' to 'float', possible loss of data
C:\Users\suman\source\repos\Vending Machine\Vending Machine\ResourceManager.cpp(360,66): warning C4244: 'argument': conversion from 'int' to 'float', possible loss of data
C:\Users\suman\source\repos\Vending Machine\Vending Machine\ResourceManager.cpp(360,56): warning C4244: 'argument': conversion from 'int' to 'float', possible loss of data
C:\Users\suman\source\repos\Vending Machine\Vending Machine\ResourceManager.cpp(364,70): warning C4244: 'argument': conversion from 'int' to 'float', possible loss of data
C:\Users\suman\source\repos\Vending Machine\Vending Machine\ResourceManager.cpp(364,60): warning C4244: 'argument': conversion from 'int' to 'float', possible loss of data
C:\Users\suman\source\repos\Vending Machine\Vending Machine\ResourceManager.cpp(368,68): warning C4244: 'argument': conversion from 'int' to 'float', possible loss of data
C:\Users\suman\source\repos\Vending Machine\Vending Machine\ResourceManager.cpp(368,58): warning C4244: 'argument': conversion from 'int' to 'float', possible loss of data
  Vending Machine.cpp
  Generating Code...
  Vending Machine.vcxproj -> C:\Users\suman\source\repos\Vending Machine\Debug\Vending Machine.exe
